<?xml version="1.0" encoding="UTF-8"?>
<testsuite xmlns:xsi="http://www.w3.org/2001/XMLSchema-instance" xsi:noNamespaceSchemaLocation="https://maven.apache.org/surefire/maven-surefire-plugin/xsd/surefire-test-report-3.0.xsd" version="3.0" name="com.nico.junit5.training.OperationsPerformerTest" time="0" tests="7" errors="0" skipped="0" failures="0">
  <properties>
    <property name="sun.desktop" value="windows"/>
    <property name="awt.toolkit" value="sun.awt.windows.WToolkit"/>
    <property name="java.specification.version" value="11"/>
    <property name="sun.cpu.isalist" value="amd64"/>
    <property name="sun.jnu.encoding" value="Cp1252"/>
    <property name="java.class.path" value="C:\Users\Nico Michael\Documents\NetBeansProjects\Junit5Training\target\test-classes;C:\Users\Nico Michael\Documents\NetBeansProjects\Junit5Training\target\classes;C:\Users\Nico Michael\.m2\repository\org\junit\jupiter\junit-jupiter-api\5.5.0-M1\junit-jupiter-api-5.5.0-M1.jar;C:\Users\Nico Michael\.m2\repository\org\apiguardian\apiguardian-api\1.0.0\apiguardian-api-1.0.0.jar;C:\Users\Nico Michael\.m2\repository\org\opentest4j\opentest4j\1.1.1\opentest4j-1.1.1.jar;C:\Users\Nico Michael\.m2\repository\org\junit\platform\junit-platform-commons\1.5.0-M1\junit-platform-commons-1.5.0-M1.jar;C:\Users\Nico Michael\.m2\repository\org\junit\platform\junit-platform-runner\1.3.0\junit-platform-runner-1.3.0.jar;C:\Users\Nico Michael\.m2\repository\org\junit\platform\junit-platform-launcher\1.3.0\junit-platform-launcher-1.3.0.jar;C:\Users\Nico Michael\.m2\repository\org\junit\platform\junit-platform-suite-api\1.3.0\junit-platform-suite-api-1.3.0.jar;C:\Users\Nico Michael\.m2\repository\junit\junit\4.12\junit-4.12.jar;C:\Users\Nico Michael\.m2\repository\org\hamcrest\hamcrest-core\1.3\hamcrest-core-1.3.jar;C:\Users\Nico Michael\.m2\repository\org\junit\jupiter\junit-jupiter-engine\5.3.2\junit-jupiter-engine-5.3.2.jar;C:\Users\Nico Michael\.m2\repository\org\junit\platform\junit-platform-engine\1.3.2\junit-platform-engine-1.3.2.jar;"/>
    <property name="java.vm.vendor" value="Microsoft"/>
    <property name="sun.arch.data.model" value="64"/>
    <property name="user.variant" value=""/>
    <property name="java.vendor.url" value="https://www.microsoft.com"/>
    <property name="user.timezone" value="Africa/Harare"/>
    <property name="java.vm.specification.version" value="11"/>
    <property name="os.name" value="Windows 10"/>
    <property name="user.country" value="US"/>
    <property name="sun.java.launcher" value="SUN_STANDARD"/>
    <property name="sun.boot.library.path" value="C:\Program Files\Microsoft\jdk-11.0.15.10-hotspot\bin"/>
    <property name="sun.java.command" value="C:\Users\Nico Michael\AppData\Local\Temp\surefire17264145798566901427\surefirebooter18067108218900454909.jar C:\Users\Nico Michael\AppData\Local\Temp\surefire17264145798566901427 2022-10-22T17-35-17_432-jvmRun1 surefire1311649023260525340tmp surefire_018438696176656542272tmp"/>
    <property name="jdk.debug" value="release"/>
    <property name="surefire.test.class.path" value="C:\Users\Nico Michael\Documents\NetBeansProjects\Junit5Training\target\test-classes;C:\Users\Nico Michael\Documents\NetBeansProjects\Junit5Training\target\classes;C:\Users\Nico Michael\.m2\repository\org\junit\jupiter\junit-jupiter-api\5.5.0-M1\junit-jupiter-api-5.5.0-M1.jar;C:\Users\Nico Michael\.m2\repository\org\apiguardian\apiguardian-api\1.0.0\apiguardian-api-1.0.0.jar;C:\Users\Nico Michael\.m2\repository\org\opentest4j\opentest4j\1.1.1\opentest4j-1.1.1.jar;C:\Users\Nico Michael\.m2\repository\org\junit\platform\junit-platform-commons\1.5.0-M1\junit-platform-commons-1.5.0-M1.jar;C:\Users\Nico Michael\.m2\repository\org\junit\platform\junit-platform-runner\1.3.0\junit-platform-runner-1.3.0.jar;C:\Users\Nico Michael\.m2\repository\org\junit\platform\junit-platform-launcher\1.3.0\junit-platform-launcher-1.3.0.jar;C:\Users\Nico Michael\.m2\repository\org\junit\platform\junit-platform-suite-api\1.3.0\junit-platform-suite-api-1.3.0.jar;C:\Users\Nico Michael\.m2\repository\junit\junit\4.12\junit-4.12.jar;C:\Users\Nico Michael\.m2\repository\org\hamcrest\hamcrest-core\1.3\hamcrest-core-1.3.jar;C:\Users\Nico Michael\.m2\repository\org\junit\jupiter\junit-jupiter-engine\5.3.2\junit-jupiter-engine-5.3.2.jar;C:\Users\Nico Michael\.m2\repository\org\junit\platform\junit-platform-engine\1.3.2\junit-platform-engine-1.3.2.jar;"/>
    <property name="sun.cpu.endian" value="little"/>
    <property name="user.home" value="C:\Users\Nico Michael"/>
    <property name="user.language" value="en"/>
    <property name="java.specification.vendor" value="Oracle Corporation"/>
    <property name="java.version.date" value="2022-04-19"/>
    <property name="java.home" value="C:\Program Files\Microsoft\jdk-11.0.15.10-hotspot"/>
    <property name="file.separator" value="\"/>
    <property name="basedir" value="C:\Users\Nico Michael\Documents\NetBeansProjects\Junit5Training"/>
    <property name="java.vm.compressedOopsMode" value="Zero based"/>
    <property name="line.separator" value="&#10;"/>
    <property name="java.specification.name" value="Java Platform API Specification"/>
    <property name="java.vm.specification.vendor" value="Oracle Corporation"/>
    <property name="java.awt.graphicsenv" value="sun.awt.Win32GraphicsEnvironment"/>
    <property name="surefire.real.class.path" value="C:\Users\Nico Michael\AppData\Local\Temp\surefire17264145798566901427\surefirebooter18067108218900454909.jar"/>
    <property name="user.script" value=""/>
    <property name="sun.management.compiler" value="HotSpot 64-Bit Tiered Compilers"/>
    <property name="java.runtime.version" value="11.0.15+10-LTS"/>
    <property name="user.name" value="Nico Michael"/>
    <property name="path.separator" value=";"/>
    <property name="os.version" value="10.0"/>
    <property name="java.runtime.name" value="OpenJDK Runtime Environment"/>
    <property name="file.encoding" value="UTF-8"/>
    <property name="java.vm.name" value="OpenJDK 64-Bit Server VM"/>
    <property name="java.vendor.version" value="Microsoft-32930"/>
    <property name="maven.ext.class.path" value="C:\Program Files\NetBeans-14\netbeans\java\maven-nblib\netbeans-eventspy.jar"/>
    <property name="localRepository" value="C:\Users\Nico Michael\.m2\repository"/>
    <property name="java.vendor.url.bug" value="https://github.com/microsoft/openjdk/issues"/>
    <property name="java.io.tmpdir" value="C:\Users\NICOMI~1\AppData\Local\Temp\"/>
    <property name="java.version" value="11.0.15"/>
    <property name="user.dir" value="C:\Users\Nico Michael\Documents\NetBeansProjects\Junit5Training"/>
    <property name="os.arch" value="amd64"/>
    <property name="java.vm.specification.name" value="Java Virtual Machine Specification"/>
    <property name="java.awt.printerjob" value="sun.awt.windows.WPrinterJob"/>
    <property name="sun.os.patch.level" value=""/>
    <property name="java.library.path" value="C:\Program Files\Microsoft\jdk-11.0.15.10-hotspot\bin;C:\Windows\Sun\Java\bin;C:\Windows\system32;C:\Windows;C:\Windows\system32;C:\Windows;C:\Windows\System32\Wbem;C:\Windows\System32\WindowsPowerShell\v1.0\;C:\Windows\System32\OpenSSH\;C:\Program Files (x86)\Intel\Intel(R) Management Engine Components\DAL;C:\Program Files\Intel\Intel(R) Management Engine Components\DAL;C:\System\apache-maven-3.8.6\bin;C:\Program Files\Microsoft\jdk-11.0.15.10-hotspot\bin;C:\Program Files\PuTTY\;C:\Program Files\Docker\Docker\resources\bin;C:\ProgramData\DockerDesktop\version-bin;C:\Program Files\RedHat\java-1.8.0-openjdk-1.8.0.345-1\bin;C:\Program Files\RedHat\java-1.8.0-openjdk-1.8.0.345-1\jre\bin;C:\Program Files\Git\cmd;C:\Users\Nico Michael\AppData\Local\Microsoft\WindowsApps;C:\Users\Nico Michael\AppData\Local\Programs\Microsoft VS Code\bin;C:\Users\Nico Michael\AppData\Local\atom\bin;."/>
    <property name="java.vm.info" value="mixed mode"/>
    <property name="java.vendor" value="Microsoft"/>
    <property name="java.vm.version" value="11.0.15+10-LTS"/>
    <property name="sun.io.unicode.encoding" value="UnicodeLittle"/>
    <property name="java.class.version" value="55.0"/>
  </properties>
  <testcase name="assertFalseTest" classname="com.nico.junit5.training.OperationsPerformerTest" time="0"/>
  <testcase name="assertEqualsTest" classname="com.nico.junit5.training.OperationsPerformerTest" time="0"/>
  <testcase name="assertNotEqualsTest" classname="com.nico.junit5.training.OperationsPerformerTest" time="0"/>
  <testcase name="assertNotNullTest" classname="com.nico.junit5.training.OperationsPerformerTest" time="0"/>
  <testcase name="thisIsABadTest" classname="com.nico.junit5.training.OperationsPerformerTest" time="0"/>
  <testcase name="assertTrueTest" classname="com.nico.junit5.training.OperationsPerformerTest" time="0"/>
  <testcase name="assertNullTest" classname="com.nico.junit5.training.OperationsPerformerTest" time="0"/>
</testsuite>